<?xml version="1.0" encoding="UTF-8"?>
<Site BuildName="(empty)"
	BuildStamp="20260606-0854-Experimental"
	Name="c-ASUS-TUF-Gaming-A15-FA507RM-FA507RM"
	Generator="ctest-3.28.3"
	CompilerName="/usr/bin/g++"
	CompilerVersion="13.3.0"
	OSName="Linux"
	Hostname="c-ASUS-TUF-Gaming-A15-FA507RM-FA507RM"
	OSRelease="6.17.0-29-generic"
	OSVersion="#29~24.04.1-Ubuntu SMP PREEMPT_DYNAMIC Mon May 11 10:30:58 UTC 2"
	OSPlatform="x86_64"
	Is64Bits="1"
	VendorString="AuthenticAMD"
	VendorID="Advanced Micro Devices"
	FamilyID="25"
	ModelID="68"
	ProcessorCacheSize="512"
	NumberOfLogicalCPU="16"
	NumberOfPhysicalCPU="8"
	TotalVirtualMemory="15624"
	TotalPhysicalMemory="15225"
	LogicalProcessorsPerPhysical="2"
	ProcessorClockFrequency="3982.1"
	>
	<Testing>
		<StartDateTime>Jun 06 20:37 CST</StartDateTime>
		<StartTestTime>1780749471</StartTestTime>
		<TestList/>
		<EndDateTime>Jun 06 20:37 CST</EndDateTime>
		<EndTestTime>1780749471</EndTestTime>
		<ElapsedMinutes>0</ElapsedMinutes>
	</Testing>
</Site>
